<?xml version="1.0" encoding="UTF-8"?>
<testng-results skipped="0" failed="0" ignored="0" total="24" passed="24">
  <reporter-output>
  </reporter-output>
  <suite name="TestSuite" duration-ms="408111" started-at="2019-12-13T18:55:38 PST" finished-at="2019-12-13T19:02:26 PST">
    <groups>
    </groups>
    <test name="ChromeTestCases" duration-ms="408111" started-at="2019-12-13T18:55:38 PST" finished-at="2019-12-13T19:02:26 PST">
      <class name="com.romanceabroad.ui.RegistrationTests">
        <test-method status="PASS" signature="setup(java.lang.String, java.lang.reflect.Method)[pri:0, instance:com.romanceabroad.ui.RegistrationTests@e45f292]" name="setup" is-config="true" duration-ms="14933" started-at="2019-12-13T18:55:38 PST" finished-at="2019-12-13T18:55:53 PST">
          <params>
            <param index="0">
              <value>
                <![CDATA[chrome]]>
              </value>
            </param>
            <param index="1">
              <value>
                <![CDATA[public void com.romanceabroad.ui.RegistrationTests.joinForFreeButton3NegativeTestsEmail(java.lang.String,boolean)]]>
              </value>
            </param>
          </params>
          <reporter-output>
          </reporter-output>
        </test-method> <!-- setup -->
        <test-method status="PASS" signature="joinForFreeButton3NegativeTestsEmail(java.lang.String, boolean)[pri:0, instance:com.romanceabroad.ui.RegistrationTests@e45f292]" name="joinForFreeButton3NegativeTestsEmail" duration-ms="785" started-at="2019-12-13T18:55:53 PST" data-provider="RegistrationButton3FirstPartEmail" finished-at="2019-12-13T18:55:54 PST">
          <params>
            <param index="0">
              <value>
                <![CDATA[ ]]>
              </value>
            </param>
            <param index="1">
              <value>
                <![CDATA[false]]>
              </value>
            </param>
          </params>
          <reporter-output>
          </reporter-output>
        </test-method> <!-- joinForFreeButton3NegativeTestsEmail -->
        <test-method status="PASS" signature="afterActions(org.testng.ITestResult)[pri:0, instance:com.romanceabroad.ui.RegistrationTests@e45f292]" name="afterActions" is-config="true" duration-ms="1346" started-at="2019-12-13T18:55:54 PST" finished-at="2019-12-13T18:55:55 PST">
          <params>
            <param index="0">
              <value>
                <![CDATA[[TestResult name=joinForFreeButton3NegativeTestsEmail status=SUCCESS method=RegistrationTests.joinForFreeButton3NegativeTestsEmail(java.lang.String, boolean)[pri:0, instance:com.romanceabroad.ui.RegistrationTests@e45f292] output={null}]]]>
              </value>
            </param>
          </params>
          <reporter-output>
          </reporter-output>
        </test-method> <!-- afterActions -->
        <test-method status="PASS" signature="setup(java.lang.String, java.lang.reflect.Method)[pri:0, instance:com.romanceabroad.ui.RegistrationTests@e45f292]" name="setup" is-config="true" duration-ms="12403" started-at="2019-12-13T18:55:55 PST" finished-at="2019-12-13T18:56:08 PST">
          <params>
            <param index="0">
              <value>
                <![CDATA[chrome]]>
              </value>
            </param>
            <param index="1">
              <value>
                <![CDATA[public void com.romanceabroad.ui.RegistrationTests.joinForFreeButton3NegativeTestsPassword(java.lang.String,boolean)]]>
              </value>
            </param>
          </params>
          <reporter-output>
          </reporter-output>
        </test-method> <!-- setup -->
        <test-method status="PASS" signature="joinForFreeButton3NegativeTestsPassword(java.lang.String, boolean)[pri:0, instance:com.romanceabroad.ui.RegistrationTests@e45f292]" name="joinForFreeButton3NegativeTestsPassword" duration-ms="906" started-at="2019-12-13T18:56:08 PST" data-provider="RegistrationButton3FirstPartPassword" finished-at="2019-12-13T18:56:09 PST">
          <params>
            <param index="0">
              <value>
                <![CDATA[ ]]>
              </value>
            </param>
            <param index="1">
              <value>
                <![CDATA[false]]>
              </value>
            </param>
          </params>
          <reporter-output>
          </reporter-output>
        </test-method> <!-- joinForFreeButton3NegativeTestsPassword -->
        <test-method status="PASS" signature="afterActions(org.testng.ITestResult)[pri:0, instance:com.romanceabroad.ui.RegistrationTests@e45f292]" name="afterActions" is-config="true" duration-ms="702" started-at="2019-12-13T18:56:09 PST" finished-at="2019-12-13T18:56:09 PST">
          <params>
            <param index="0">
              <value>
                <![CDATA[[TestResult name=joinForFreeButton3NegativeTestsPassword status=SUCCESS method=RegistrationTests.joinForFreeButton3NegativeTestsPassword(java.lang.String, boolean)[pri:0, instance:com.romanceabroad.ui.RegistrationTests@e45f292] output={null}]]]>
              </value>
            </param>
          </params>
          <reporter-output>
          </reporter-output>
        </test-method> <!-- afterActions -->
        <test-method status="PASS" signature="setup(java.lang.String, java.lang.reflect.Method)[pri:0, instance:com.romanceabroad.ui.RegistrationTests@e45f292]" name="setup" is-config="true" duration-ms="9769" started-at="2019-12-13T18:56:09 PST" finished-at="2019-12-13T18:56:19 PST">
          <params>
            <param index="0">
              <value>
                <![CDATA[chrome]]>
              </value>
            </param>
            <param index="1">
              <value>
                <![CDATA[public void com.romanceabroad.ui.RegistrationTests.joinForFreeButton3NegativeTestsPassword(java.lang.String,boolean)]]>
              </value>
            </param>
          </params>
          <reporter-output>
          </reporter-output>
        </test-method> <!-- setup -->
        <test-method status="PASS" signature="joinForFreeButton3NegativeTestsPassword(java.lang.String, boolean)[pri:0, instance:com.romanceabroad.ui.RegistrationTests@e45f292]" name="joinForFreeButton3NegativeTestsPassword" duration-ms="1018" started-at="2019-12-13T18:56:19 PST" data-provider="RegistrationButton3FirstPartPassword" finished-at="2019-12-13T18:56:20 PST">
          <params>
            <param index="0">
              <value>
                <![CDATA[PaSwO]]>
              </value>
            </param>
            <param index="1">
              <value>
                <![CDATA[false]]>
              </value>
            </param>
          </params>
          <reporter-output>
          </reporter-output>
        </test-method> <!-- joinForFreeButton3NegativeTestsPassword -->
        <test-method status="PASS" signature="afterActions(org.testng.ITestResult)[pri:0, instance:com.romanceabroad.ui.RegistrationTests@e45f292]" name="afterActions" is-config="true" duration-ms="1157" started-at="2019-12-13T18:56:20 PST" finished-at="2019-12-13T18:56:21 PST">
          <params>
            <param index="0">
              <value>
                <![CDATA[[TestResult name=joinForFreeButton3NegativeTestsPassword status=SUCCESS method=RegistrationTests.joinForFreeButton3NegativeTestsPassword(java.lang.String, boolean)[pri:0, instance:com.romanceabroad.ui.RegistrationTests@e45f292] output={null}]]]>
              </value>
            </param>
          </params>
          <reporter-output>
          </reporter-output>
        </test-method> <!-- afterActions -->
        <test-method status="PASS" signature="setup(java.lang.String, java.lang.reflect.Method)[pri:0, instance:com.romanceabroad.ui.RegistrationTests@e45f292]" name="setup" is-config="true" duration-ms="9384" started-at="2019-12-13T18:56:21 PST" finished-at="2019-12-13T18:56:31 PST">
          <params>
            <param index="0">
              <value>
                <![CDATA[chrome]]>
              </value>
            </param>
            <param index="1">
              <value>
                <![CDATA[public void com.romanceabroad.ui.RegistrationTests.joinForFreeButton3NegativeTestsPassword(java.lang.String,boolean)]]>
              </value>
            </param>
          </params>
          <reporter-output>
          </reporter-output>
        </test-method> <!-- setup -->
        <test-method status="PASS" signature="joinForFreeButton3NegativeTestsPassword(java.lang.String, boolean)[pri:0, instance:com.romanceabroad.ui.RegistrationTests@e45f292]" name="joinForFreeButton3NegativeTestsPassword" duration-ms="911" started-at="2019-12-13T18:56:31 PST" data-provider="RegistrationButton3FirstPartPassword" finished-at="2019-12-13T18:56:32 PST">
          <params>
            <param index="0">
              <value>
                <![CDATA[12345]]>
              </value>
            </param>
            <param index="1">
              <value>
                <![CDATA[false]]>
              </value>
            </param>
          </params>
          <reporter-output>
          </reporter-output>
        </test-method> <!-- joinForFreeButton3NegativeTestsPassword -->
        <test-method status="PASS" signature="afterActions(org.testng.ITestResult)[pri:0, instance:com.romanceabroad.ui.RegistrationTests@e45f292]" name="afterActions" is-config="true" duration-ms="653" started-at="2019-12-13T18:56:32 PST" finished-at="2019-12-13T18:56:32 PST">
          <params>
            <param index="0">
              <value>
                <![CDATA[[TestResult name=joinForFreeButton3NegativeTestsPassword status=SUCCESS method=RegistrationTests.joinForFreeButton3NegativeTestsPassword(java.lang.String, boolean)[pri:0, instance:com.romanceabroad.ui.RegistrationTests@e45f292] output={null}]]]>
              </value>
            </param>
          </params>
          <reporter-output>
          </reporter-output>
        </test-method> <!-- afterActions -->
        <test-method status="PASS" signature="setup(java.lang.String, java.lang.reflect.Method)[pri:0, instance:com.romanceabroad.ui.RegistrationTests@e45f292]" name="setup" is-config="true" duration-ms="9949" started-at="2019-12-13T18:56:32 PST" finished-at="2019-12-13T18:56:42 PST">
          <params>
            <param index="0">
              <value>
                <![CDATA[chrome]]>
              </value>
            </param>
            <param index="1">
              <value>
                <![CDATA[public void com.romanceabroad.ui.RegistrationTests.joinForFreeButton3NegativeTestsPassword(java.lang.String,boolean)]]>
              </value>
            </param>
          </params>
          <reporter-output>
          </reporter-output>
        </test-method> <!-- setup -->
        <test-method status="PASS" signature="joinForFreeButton3NegativeTestsPassword(java.lang.String, boolean)[pri:0, instance:com.romanceabroad.ui.RegistrationTests@e45f292]" name="joinForFreeButton3NegativeTestsPassword" duration-ms="967" started-at="2019-12-13T18:56:42 PST" data-provider="RegistrationButton3FirstPartPassword" finished-at="2019-12-13T18:56:43 PST">
          <params>
            <param index="0">
              <value>
                <![CDATA[@#$%^]]>
              </value>
            </param>
            <param index="1">
              <value>
                <![CDATA[false]]>
              </value>
            </param>
          </params>
          <reporter-output>
          </reporter-output>
        </test-method> <!-- joinForFreeButton3NegativeTestsPassword -->
        <test-method status="PASS" signature="afterActions(org.testng.ITestResult)[pri:0, instance:com.romanceabroad.ui.RegistrationTests@e45f292]" name="afterActions" is-config="true" duration-ms="669" started-at="2019-12-13T18:56:43 PST" finished-at="2019-12-13T18:56:44 PST">
          <params>
            <param index="0">
              <value>
                <![CDATA[[TestResult name=joinForFreeButton3NegativeTestsPassword status=SUCCESS method=RegistrationTests.joinForFreeButton3NegativeTestsPassword(java.lang.String, boolean)[pri:0, instance:com.romanceabroad.ui.RegistrationTests@e45f292] output={null}]]]>
              </value>
            </param>
          </params>
          <reporter-output>
          </reporter-output>
        </test-method> <!-- afterActions -->
        <test-method status="PASS" signature="setup(java.lang.String, java.lang.reflect.Method)[pri:0, instance:com.romanceabroad.ui.RegistrationTests@e45f292]" name="setup" is-config="true" duration-ms="9921" started-at="2019-12-13T18:56:44 PST" finished-at="2019-12-13T18:56:54 PST">
          <params>
            <param index="0">
              <value>
                <![CDATA[chrome]]>
              </value>
            </param>
            <param index="1">
              <value>
                <![CDATA[public void com.romanceabroad.ui.RegistrationTests.joinForFreeButton3NegativeTestsPassword(java.lang.String,boolean)]]>
              </value>
            </param>
          </params>
          <reporter-output>
          </reporter-output>
        </test-method> <!-- setup -->
        <test-method status="PASS" signature="joinForFreeButton3NegativeTestsPassword(java.lang.String, boolean)[pri:0, instance:com.romanceabroad.ui.RegistrationTests@e45f292]" name="joinForFreeButton3NegativeTestsPassword" duration-ms="828" started-at="2019-12-13T18:56:54 PST" data-provider="RegistrationButton3FirstPartPassword" finished-at="2019-12-13T18:56:55 PST">
          <params>
            <param index="0">
              <value>
                <![CDATA[ 1 2 ]]>
              </value>
            </param>
            <param index="1">
              <value>
                <![CDATA[false]]>
              </value>
            </param>
          </params>
          <reporter-output>
          </reporter-output>
        </test-method> <!-- joinForFreeButton3NegativeTestsPassword -->
        <test-method status="PASS" signature="afterActions(org.testng.ITestResult)[pri:0, instance:com.romanceabroad.ui.RegistrationTests@e45f292]" name="afterActions" is-config="true" duration-ms="714" started-at="2019-12-13T18:56:55 PST" finished-at="2019-12-13T18:56:55 PST">
          <params>
            <param index="0">
              <value>
                <![CDATA[[TestResult name=joinForFreeButton3NegativeTestsPassword status=SUCCESS method=RegistrationTests.joinForFreeButton3NegativeTestsPassword(java.lang.String, boolean)[pri:0, instance:com.romanceabroad.ui.RegistrationTests@e45f292] output={null}]]]>
              </value>
            </param>
          </params>
          <reporter-output>
          </reporter-output>
        </test-method> <!-- afterActions -->
        <test-method status="PASS" signature="setup(java.lang.String, java.lang.reflect.Method)[pri:0, instance:com.romanceabroad.ui.RegistrationTests@e45f292]" name="setup" is-config="true" duration-ms="9180" started-at="2019-12-13T18:56:55 PST" finished-at="2019-12-13T18:57:05 PST">
          <params>
            <param index="0">
              <value>
                <![CDATA[chrome]]>
              </value>
            </param>
            <param index="1">
              <value>
                <![CDATA[public void com.romanceabroad.ui.RegistrationTests.joinForFreeButton3NegativeTestsPassword(java.lang.String,boolean)]]>
              </value>
            </param>
          </params>
          <reporter-output>
          </reporter-output>
        </test-method> <!-- setup -->
        <test-method status="PASS" signature="joinForFreeButton3NegativeTestsPassword(java.lang.String, boolean)[pri:0, instance:com.romanceabroad.ui.RegistrationTests@e45f292]" name="joinForFreeButton3NegativeTestsPassword" duration-ms="873" started-at="2019-12-13T18:57:05 PST" data-provider="RegistrationButton3FirstPartPassword" finished-at="2019-12-13T18:57:05 PST">
          <params>
            <param index="0">
              <value>
                <![CDATA[pas45]]>
              </value>
            </param>
            <param index="1">
              <value>
                <![CDATA[false]]>
              </value>
            </param>
          </params>
          <reporter-output>
          </reporter-output>
        </test-method> <!-- joinForFreeButton3NegativeTestsPassword -->
        <test-method status="PASS" signature="afterActions(org.testng.ITestResult)[pri:0, instance:com.romanceabroad.ui.RegistrationTests@e45f292]" name="afterActions" is-config="true" duration-ms="694" started-at="2019-12-13T18:57:05 PST" finished-at="2019-12-13T18:57:06 PST">
          <params>
            <param index="0">
              <value>
                <![CDATA[[TestResult name=joinForFreeButton3NegativeTestsPassword status=SUCCESS method=RegistrationTests.joinForFreeButton3NegativeTestsPassword(java.lang.String, boolean)[pri:0, instance:com.romanceabroad.ui.RegistrationTests@e45f292] output={null}]]]>
              </value>
            </param>
          </params>
          <reporter-output>
          </reporter-output>
        </test-method> <!-- afterActions -->
        <test-method status="PASS" signature="setup(java.lang.String, java.lang.reflect.Method)[pri:0, instance:com.romanceabroad.ui.RegistrationTests@e45f292]" name="setup" is-config="true" duration-ms="9858" started-at="2019-12-13T18:57:06 PST" finished-at="2019-12-13T18:57:16 PST">
          <params>
            <param index="0">
              <value>
                <![CDATA[chrome]]>
              </value>
            </param>
            <param index="1">
              <value>
                <![CDATA[public void com.romanceabroad.ui.RegistrationTests.joinForFreeNowButton1(java.lang.String,java.lang.String,boolean)]]>
              </value>
            </param>
          </params>
          <reporter-output>
          </reporter-output>
        </test-method> <!-- setup -->
        <test-method status="PASS" signature="joinForFreeNowButton1(java.lang.String, java.lang.String, boolean)[pri:0, instance:com.romanceabroad.ui.RegistrationTests@e45f292]" name="joinForFreeNowButton1" duration-ms="10589" started-at="2019-12-13T18:57:16 PST" data-provider="RegistrationButton1" finished-at="2019-12-13T18:57:27 PST">
          <params>
            <param index="0">
              <value>
                <![CDATA[test42@gmail.com]]>
              </value>
            </param>
            <param index="1">
              <value>
                <![CDATA[Alexa23182]]>
              </value>
            </param>
            <param index="2">
              <value>
                <![CDATA[true]]>
              </value>
            </param>
          </params>
          <reporter-output>
          </reporter-output>
        </test-method> <!-- joinForFreeNowButton1 -->
        <test-method status="PASS" signature="afterActions(org.testng.ITestResult)[pri:0, instance:com.romanceabroad.ui.RegistrationTests@e45f292]" name="afterActions" is-config="true" duration-ms="680" started-at="2019-12-13T18:57:27 PST" finished-at="2019-12-13T18:57:27 PST">
          <params>
            <param index="0">
              <value>
                <![CDATA[[TestResult name=joinForFreeNowButton1 status=SUCCESS method=RegistrationTests.joinForFreeNowButton1(java.lang.String, java.lang.String, boolean)[pri:0, instance:com.romanceabroad.ui.RegistrationTests@e45f292] output={null}]]]>
              </value>
            </param>
          </params>
          <reporter-output>
          </reporter-output>
        </test-method> <!-- afterActions -->
        <test-method status="PASS" signature="setup(java.lang.String, java.lang.reflect.Method)[pri:0, instance:com.romanceabroad.ui.RegistrationTests@e45f292]" name="setup" is-config="true" duration-ms="9847" started-at="2019-12-13T18:57:27 PST" finished-at="2019-12-13T18:57:37 PST">
          <params>
            <param index="0">
              <value>
                <![CDATA[chrome]]>
              </value>
            </param>
            <param index="1">
              <value>
                <![CDATA[public void com.romanceabroad.ui.RegistrationTests.joinForFreeNowButton1(java.lang.String,java.lang.String,boolean)]]>
              </value>
            </param>
          </params>
          <reporter-output>
          </reporter-output>
        </test-method> <!-- setup -->
        <test-method status="PASS" signature="joinForFreeNowButton1(java.lang.String, java.lang.String, boolean)[pri:0, instance:com.romanceabroad.ui.RegistrationTests@e45f292]" name="joinForFreeNowButton1" duration-ms="10133" started-at="2019-12-13T18:57:37 PST" data-provider="RegistrationButton1" finished-at="2019-12-13T18:57:47 PST">
          <params>
            <param index="0">
              <value>
                <![CDATA[test42@mail.ru]]>
              </value>
            </param>
            <param index="1">
              <value>
                <![CDATA[Alexa23182]]>
              </value>
            </param>
            <param index="2">
              <value>
                <![CDATA[true]]>
              </value>
            </param>
          </params>
          <reporter-output>
          </reporter-output>
        </test-method> <!-- joinForFreeNowButton1 -->
        <test-method status="PASS" signature="afterActions(org.testng.ITestResult)[pri:0, instance:com.romanceabroad.ui.RegistrationTests@e45f292]" name="afterActions" is-config="true" duration-ms="697" started-at="2019-12-13T18:57:47 PST" finished-at="2019-12-13T18:57:48 PST">
          <params>
            <param index="0">
              <value>
                <![CDATA[[TestResult name=joinForFreeNowButton1 status=SUCCESS method=RegistrationTests.joinForFreeNowButton1(java.lang.String, java.lang.String, boolean)[pri:0, instance:com.romanceabroad.ui.RegistrationTests@e45f292] output={null}]]]>
              </value>
            </param>
          </params>
          <reporter-output>
          </reporter-output>
        </test-method> <!-- afterActions -->
        <test-method status="PASS" signature="setup(java.lang.String, java.lang.reflect.Method)[pri:0, instance:com.romanceabroad.ui.RegistrationTests@e45f292]" name="setup" is-config="true" duration-ms="9647" started-at="2019-12-13T18:57:48 PST" finished-at="2019-12-13T18:57:58 PST">
          <params>
            <param index="0">
              <value>
                <![CDATA[chrome]]>
              </value>
            </param>
            <param index="1">
              <value>
                <![CDATA[public void com.romanceabroad.ui.RegistrationTests.joinForFreeNowButton1(java.lang.String,java.lang.String,boolean)]]>
              </value>
            </param>
          </params>
          <reporter-output>
          </reporter-output>
        </test-method> <!-- setup -->
        <test-method status="PASS" signature="joinForFreeNowButton1(java.lang.String, java.lang.String, boolean)[pri:0, instance:com.romanceabroad.ui.RegistrationTests@e45f292]" name="joinForFreeNowButton1" duration-ms="3656" started-at="2019-12-13T18:57:58 PST" data-provider="RegistrationButton1" finished-at="2019-12-13T18:58:01 PST">
          <params>
            <param index="0">
              <value>
                <![CDATA[test42tut.by]]>
              </value>
            </param>
            <param index="1">
              <value>
                <![CDATA[Alexa23182]]>
              </value>
            </param>
            <param index="2">
              <value>
                <![CDATA[false]]>
              </value>
            </param>
          </params>
          <reporter-output>
          </reporter-output>
        </test-method> <!-- joinForFreeNowButton1 -->
        <test-method status="PASS" signature="afterActions(org.testng.ITestResult)[pri:0, instance:com.romanceabroad.ui.RegistrationTests@e45f292]" name="afterActions" is-config="true" duration-ms="687" started-at="2019-12-13T18:58:01 PST" finished-at="2019-12-13T18:58:02 PST">
          <params>
            <param index="0">
              <value>
                <![CDATA[[TestResult name=joinForFreeNowButton1 status=SUCCESS method=RegistrationTests.joinForFreeNowButton1(java.lang.String, java.lang.String, boolean)[pri:0, instance:com.romanceabroad.ui.RegistrationTests@e45f292] output={null}]]]>
              </value>
            </param>
          </params>
          <reporter-output>
          </reporter-output>
        </test-method> <!-- afterActions -->
        <test-method status="PASS" signature="setup(java.lang.String, java.lang.reflect.Method)[pri:0, instance:com.romanceabroad.ui.RegistrationTests@e45f292]" name="setup" is-config="true" duration-ms="9351" started-at="2019-12-13T18:58:02 PST" finished-at="2019-12-13T18:58:11 PST">
          <params>
            <param index="0">
              <value>
                <![CDATA[chrome]]>
              </value>
            </param>
            <param index="1">
              <value>
                <![CDATA[public void com.romanceabroad.ui.RegistrationTests.joinForFreeNowButton2(java.lang.String,java.lang.String,java.lang.String,java.lang.String,java.lang.String,java.lang.String,java.lang.String,java.lang.String)]]>
              </value>
            </param>
          </params>
          <reporter-output>
          </reporter-output>
        </test-method> <!-- setup -->
        <test-method status="PASS" signature="joinForFreeNowButton2(java.lang.String, java.lang.String, java.lang.String, java.lang.String, java.lang.String, java.lang.String, java.lang.String, java.lang.String)[pri:0, instance:com.romanceabroad.ui.RegistrationTests@e45f292]" name="joinForFreeNowButton2" duration-ms="10230" started-at="2019-12-13T18:58:11 PST" data-provider="RegistrationButton2" finished-at="2019-12-13T18:58:22 PST">
          <params>
            <param index="0">
              <value>
                <![CDATA[prettyandsimple@example.com]]>
              </value>
            </param>
            <param index="1">
              <value>
                <![CDATA[Password123]]>
              </value>
            </param>
            <param index="2">
              <value>
                <![CDATA[9]]>
              </value>
            </param>
            <param index="3">
              <value>
                <![CDATA[Jan]]>
              </value>
            </param>
            <param index="4">
              <value>
                <![CDATA[1986]]>
              </value>
            </param>
            <param index="5">
              <value>
                <![CDATA[4156546546]]>
              </value>
            </param>
            <param index="6">
              <value>
                <![CDATA[San Francisco]]>
              </value>
            </param>
            <param index="7">
              <value>
                <![CDATA[South San Francisco]]>
              </value>
            </param>
          </params>
          <reporter-output>
          </reporter-output>
        </test-method> <!-- joinForFreeNowButton2 -->
        <test-method status="PASS" signature="afterActions(org.testng.ITestResult)[pri:0, instance:com.romanceabroad.ui.RegistrationTests@e45f292]" name="afterActions" is-config="true" duration-ms="672" started-at="2019-12-13T18:58:22 PST" finished-at="2019-12-13T18:58:22 PST">
          <params>
            <param index="0">
              <value>
                <![CDATA[[TestResult name=joinForFreeNowButton2 status=SUCCESS method=RegistrationTests.joinForFreeNowButton2(java.lang.String, java.lang.String, java.lang.String, java.lang.String, java.lang.String, java.lang.String, java.lang.String, java.lang.String)[pri:0, instance:com.romanceabroad.ui.RegistrationTests@e45f292] output={null}]]]>
              </value>
            </param>
          </params>
          <reporter-output>
          </reporter-output>
        </test-method> <!-- afterActions -->
        <test-method status="PASS" signature="setup(java.lang.String, java.lang.reflect.Method)[pri:0, instance:com.romanceabroad.ui.RegistrationTests@e45f292]" name="setup" is-config="true" duration-ms="9601" started-at="2019-12-13T18:58:22 PST" finished-at="2019-12-13T18:58:32 PST">
          <params>
            <param index="0">
              <value>
                <![CDATA[chrome]]>
              </value>
            </param>
            <param index="1">
              <value>
                <![CDATA[public void com.romanceabroad.ui.RegistrationTests.joinForFreeNowButton2(java.lang.String,java.lang.String,java.lang.String,java.lang.String,java.lang.String,java.lang.String,java.lang.String,java.lang.String)]]>
              </value>
            </param>
          </params>
          <reporter-output>
          </reporter-output>
        </test-method> <!-- setup -->
        <test-method status="PASS" signature="joinForFreeNowButton2(java.lang.String, java.lang.String, java.lang.String, java.lang.String, java.lang.String, java.lang.String, java.lang.String, java.lang.String)[pri:0, instance:com.romanceabroad.ui.RegistrationTests@e45f292]" name="joinForFreeNowButton2" duration-ms="10699" started-at="2019-12-13T18:58:32 PST" data-provider="RegistrationButton2" finished-at="2019-12-13T18:58:43 PST">
          <params>
            <param index="0">
              <value>
                <![CDATA[very.common@example.org]]>
              </value>
            </param>
            <param index="1">
              <value>
                <![CDATA[pass54R]]>
              </value>
            </param>
            <param index="2">
              <value>
                <![CDATA[20]]>
              </value>
            </param>
            <param index="3">
              <value>
                <![CDATA[Nov]]>
              </value>
            </param>
            <param index="4">
              <value>
                <![CDATA[1967]]>
              </value>
            </param>
            <param index="5">
              <value>
                <![CDATA[6765444]]>
              </value>
            </param>
            <param index="6">
              <value>
                <![CDATA[Sydney]]>
              </value>
            </param>
            <param index="7">
              <value>
                <![CDATA[North Sydney]]>
              </value>
            </param>
          </params>
          <reporter-output>
          </reporter-output>
        </test-method> <!-- joinForFreeNowButton2 -->
        <test-method status="PASS" signature="afterActions(org.testng.ITestResult)[pri:0, instance:com.romanceabroad.ui.RegistrationTests@e45f292]" name="afterActions" is-config="true" duration-ms="656" started-at="2019-12-13T18:58:43 PST" finished-at="2019-12-13T18:58:43 PST">
          <params>
            <param index="0">
              <value>
                <![CDATA[[TestResult name=joinForFreeNowButton2 status=SUCCESS method=RegistrationTests.joinForFreeNowButton2(java.lang.String, java.lang.String, java.lang.String, java.lang.String, java.lang.String, java.lang.String, java.lang.String, java.lang.String)[pri:0, instance:com.romanceabroad.ui.RegistrationTests@e45f292] output={null}]]]>
              </value>
            </param>
          </params>
          <reporter-output>
          </reporter-output>
        </test-method> <!-- afterActions -->
        <test-method status="PASS" signature="setup(java.lang.String, java.lang.reflect.Method)[pri:0, instance:com.romanceabroad.ui.RegistrationTests@e45f292]" name="setup" is-config="true" duration-ms="9712" started-at="2019-12-13T18:58:43 PST" finished-at="2019-12-13T18:58:53 PST">
          <params>
            <param index="0">
              <value>
                <![CDATA[chrome]]>
              </value>
            </param>
            <param index="1">
              <value>
                <![CDATA[public void com.romanceabroad.ui.RegistrationTests.joinForFreeNowButton2(java.lang.String,java.lang.String,java.lang.String,java.lang.String,java.lang.String,java.lang.String,java.lang.String,java.lang.String)]]>
              </value>
            </param>
          </params>
          <reporter-output>
          </reporter-output>
        </test-method> <!-- setup -->
        <test-method status="PASS" signature="joinForFreeNowButton2(java.lang.String, java.lang.String, java.lang.String, java.lang.String, java.lang.String, java.lang.String, java.lang.String, java.lang.String)[pri:0, instance:com.romanceabroad.ui.RegistrationTests@e45f292]" name="joinForFreeNowButton2" duration-ms="10432" started-at="2019-12-13T18:58:53 PST" data-provider="RegistrationButton2" finished-at="2019-12-13T18:59:03 PST">
          <params>
            <param index="0">
              <value>
                <![CDATA[style.email@tut.by]]>
              </value>
            </param>
            <param index="1">
              <value>
                <![CDATA[testPassWo4rd]]>
              </value>
            </param>
            <param index="2">
              <value>
                <![CDATA[12]]>
              </value>
            </param>
            <param index="3">
              <value>
                <![CDATA[May]]>
              </value>
            </param>
            <param index="4">
              <value>
                <![CDATA[1992]]>
              </value>
            </param>
            <param index="5">
              <value>
                <![CDATA[7687654332]]>
              </value>
            </param>
            <param index="6">
              <value>
                <![CDATA[New York]]>
              </value>
            </param>
            <param index="7">
              <value>
                <![CDATA[West New York]]>
              </value>
            </param>
          </params>
          <reporter-output>
          </reporter-output>
        </test-method> <!-- joinForFreeNowButton2 -->
        <test-method status="PASS" signature="afterActions(org.testng.ITestResult)[pri:0, instance:com.romanceabroad.ui.RegistrationTests@e45f292]" name="afterActions" is-config="true" duration-ms="675" started-at="2019-12-13T18:59:03 PST" finished-at="2019-12-13T18:59:04 PST">
          <params>
            <param index="0">
              <value>
                <![CDATA[[TestResult name=joinForFreeNowButton2 status=SUCCESS method=RegistrationTests.joinForFreeNowButton2(java.lang.String, java.lang.String, java.lang.String, java.lang.String, java.lang.String, java.lang.String, java.lang.String, java.lang.String)[pri:0, instance:com.romanceabroad.ui.RegistrationTests@e45f292] output={null}]]]>
              </value>
            </param>
          </params>
          <reporter-output>
          </reporter-output>
        </test-method> <!-- afterActions -->
        <test-method status="PASS" signature="setup(java.lang.String, java.lang.reflect.Method)[pri:0, instance:com.romanceabroad.ui.RegistrationTests@e45f292]" name="setup" is-config="true" duration-ms="9482" started-at="2019-12-13T18:59:04 PST" finished-at="2019-12-13T18:59:14 PST">
          <params>
            <param index="0">
              <value>
                <![CDATA[chrome]]>
              </value>
            </param>
            <param index="1">
              <value>
                <![CDATA[public void com.romanceabroad.ui.RegistrationTests.joinForFreeNowButton2(java.lang.String,java.lang.String,java.lang.String,java.lang.String,java.lang.String,java.lang.String,java.lang.String,java.lang.String)]]>
              </value>
            </param>
          </params>
          <reporter-output>
          </reporter-output>
        </test-method> <!-- setup -->
        <test-method status="PASS" signature="joinForFreeNowButton2(java.lang.String, java.lang.String, java.lang.String, java.lang.String, java.lang.String, java.lang.String, java.lang.String, java.lang.String)[pri:0, instance:com.romanceabroad.ui.RegistrationTests@e45f292]" name="joinForFreeNowButton2" duration-ms="10246" started-at="2019-12-13T18:59:14 PST" data-provider="RegistrationButton2" finished-at="2019-12-13T18:59:24 PST">
          <params>
            <param index="0">
              <value>
                <![CDATA[dash@gmail.com]]>
              </value>
            </param>
            <param index="1">
              <value>
                <![CDATA[123wer]]>
              </value>
            </param>
            <param index="2">
              <value>
                <![CDATA[1]]>
              </value>
            </param>
            <param index="3">
              <value>
                <![CDATA[Sep]]>
              </value>
            </param>
            <param index="4">
              <value>
                <![CDATA[1989]]>
              </value>
            </param>
            <param index="5">
              <value>
                <![CDATA[9897676754]]>
              </value>
            </param>
            <param index="6">
              <value>
                <![CDATA[Los Angeles]]>
              </value>
            </param>
            <param index="7">
              <value>
                <![CDATA[East Los Angeles]]>
              </value>
            </param>
          </params>
          <reporter-output>
          </reporter-output>
        </test-method> <!-- joinForFreeNowButton2 -->
        <test-method status="PASS" signature="afterActions(org.testng.ITestResult)[pri:0, instance:com.romanceabroad.ui.RegistrationTests@e45f292]" name="afterActions" is-config="true" duration-ms="708" started-at="2019-12-13T18:59:24 PST" finished-at="2019-12-13T18:59:25 PST">
          <params>
            <param index="0">
              <value>
                <![CDATA[[TestResult name=joinForFreeNowButton2 status=SUCCESS method=RegistrationTests.joinForFreeNowButton2(java.lang.String, java.lang.String, java.lang.String, java.lang.String, java.lang.String, java.lang.String, java.lang.String, java.lang.String)[pri:0, instance:com.romanceabroad.ui.RegistrationTests@e45f292] output={null}]]]>
              </value>
            </param>
          </params>
          <reporter-output>
          </reporter-output>
        </test-method> <!-- afterActions -->
        <test-method status="PASS" signature="setup(java.lang.String, java.lang.reflect.Method)[pri:0, instance:com.romanceabroad.ui.RegistrationTests@e45f292]" name="setup" is-config="true" duration-ms="9625" started-at="2019-12-13T18:59:25 PST" finished-at="2019-12-13T18:59:34 PST">
          <params>
            <param index="0">
              <value>
                <![CDATA[chrome]]>
              </value>
            </param>
            <param index="1">
              <value>
                <![CDATA[public void com.romanceabroad.ui.RegistrationTests.joinForFreeNowButton2(java.lang.String,java.lang.String,java.lang.String,java.lang.String,java.lang.String,java.lang.String,java.lang.String,java.lang.String)]]>
              </value>
            </param>
          </params>
          <reporter-output>
          </reporter-output>
        </test-method> <!-- setup -->
        <test-method status="PASS" signature="joinForFreeNowButton2(java.lang.String, java.lang.String, java.lang.String, java.lang.String, java.lang.String, java.lang.String, java.lang.String, java.lang.String)[pri:0, instance:com.romanceabroad.ui.RegistrationTests@e45f292]" name="joinForFreeNowButton2" duration-ms="10333" started-at="2019-12-13T18:59:34 PST" data-provider="RegistrationButton2" finished-at="2019-12-13T18:59:44 PST">
          <params>
            <param index="0">
              <value>
                <![CDATA[domain@mail.ru]]>
              </value>
            </param>
            <param index="1">
              <value>
                <![CDATA[FamilyPass2]]>
              </value>
            </param>
            <param index="2">
              <value>
                <![CDATA[3]]>
              </value>
            </param>
            <param index="3">
              <value>
                <![CDATA[Dec]]>
              </value>
            </param>
            <param index="4">
              <value>
                <![CDATA[1987]]>
              </value>
            </param>
            <param index="5">
              <value>
                <![CDATA[4253435674]]>
              </value>
            </param>
            <param index="6">
              <value>
                <![CDATA[Palo Alto]]>
              </value>
            </param>
            <param index="7">
              <value>
                <![CDATA[East Palo Alto]]>
              </value>
            </param>
          </params>
          <reporter-output>
          </reporter-output>
        </test-method> <!-- joinForFreeNowButton2 -->
        <test-method status="PASS" signature="afterActions(org.testng.ITestResult)[pri:0, instance:com.romanceabroad.ui.RegistrationTests@e45f292]" name="afterActions" is-config="true" duration-ms="698" started-at="2019-12-13T18:59:44 PST" finished-at="2019-12-13T18:59:45 PST">
          <params>
            <param index="0">
              <value>
                <![CDATA[[TestResult name=joinForFreeNowButton2 status=SUCCESS method=RegistrationTests.joinForFreeNowButton2(java.lang.String, java.lang.String, java.lang.String, java.lang.String, java.lang.String, java.lang.String, java.lang.String, java.lang.String)[pri:0, instance:com.romanceabroad.ui.RegistrationTests@e45f292] output={null}]]]>
              </value>
            </param>
          </params>
          <reporter-output>
          </reporter-output>
        </test-method> <!-- afterActions -->
        <test-method status="PASS" signature="setup(java.lang.String, java.lang.reflect.Method)[pri:0, instance:com.romanceabroad.ui.RegistrationTests@e45f292]" name="setup" is-config="true" duration-ms="10372" started-at="2019-12-13T18:59:45 PST" finished-at="2019-12-13T18:59:56 PST">
          <params>
            <param index="0">
              <value>
                <![CDATA[chrome]]>
              </value>
            </param>
            <param index="1">
              <value>
                <![CDATA[public void com.romanceabroad.ui.RegistrationTests.signInLink(java.lang.String)]]>
              </value>
            </param>
          </params>
          <reporter-output>
          </reporter-output>
        </test-method> <!-- setup -->
        <test-method status="PASS" signature="signInLink(java.lang.String)[pri:0, instance:com.romanceabroad.ui.RegistrationTests@e45f292]" name="signInLink" duration-ms="7629" started-at="2019-12-13T18:59:56 PST" data-provider="RegistrationLink" finished-at="2019-12-13T19:00:03 PST">
          <params>
            <param index="0">
              <value>
                <![CDATA[testemail@gmail.com]]>
              </value>
            </param>
          </params>
          <reporter-output>
          </reporter-output>
        </test-method> <!-- signInLink -->
        <test-method status="PASS" signature="afterActions(org.testng.ITestResult)[pri:0, instance:com.romanceabroad.ui.RegistrationTests@e45f292]" name="afterActions" is-config="true" duration-ms="1509" started-at="2019-12-13T19:00:03 PST" finished-at="2019-12-13T19:00:05 PST">
          <params>
            <param index="0">
              <value>
                <![CDATA[[TestResult name=signInLink status=SUCCESS method=RegistrationTests.signInLink(java.lang.String)[pri:0, instance:com.romanceabroad.ui.RegistrationTests@e45f292] output={null}]]]>
              </value>
            </param>
          </params>
          <reporter-output>
          </reporter-output>
        </test-method> <!-- afterActions -->
        <test-method status="PASS" signature="setup(java.lang.String, java.lang.reflect.Method)[pri:0, instance:com.romanceabroad.ui.RegistrationTests@e45f292]" name="setup" is-config="true" duration-ms="9988" started-at="2019-12-13T19:00:05 PST" finished-at="2019-12-13T19:00:15 PST">
          <params>
            <param index="0">
              <value>
                <![CDATA[chrome]]>
              </value>
            </param>
            <param index="1">
              <value>
                <![CDATA[public void com.romanceabroad.ui.RegistrationTests.signInLink(java.lang.String)]]>
              </value>
            </param>
          </params>
          <reporter-output>
          </reporter-output>
        </test-method> <!-- setup -->
        <test-method status="PASS" signature="signInLink(java.lang.String)[pri:0, instance:com.romanceabroad.ui.RegistrationTests@e45f292]" name="signInLink" duration-ms="6777" started-at="2019-12-13T19:00:15 PST" data-provider="RegistrationLink" finished-at="2019-12-13T19:00:21 PST">
          <params>
            <param index="0">
              <value>
                <![CDATA[passtest@mail.ru]]>
              </value>
            </param>
          </params>
          <reporter-output>
          </reporter-output>
        </test-method> <!-- signInLink -->
        <test-method status="PASS" signature="afterActions(org.testng.ITestResult)[pri:0, instance:com.romanceabroad.ui.RegistrationTests@e45f292]" name="afterActions" is-config="true" duration-ms="664" started-at="2019-12-13T19:00:21 PST" finished-at="2019-12-13T19:00:22 PST">
          <params>
            <param index="0">
              <value>
                <![CDATA[[TestResult name=signInLink status=SUCCESS method=RegistrationTests.signInLink(java.lang.String)[pri:0, instance:com.romanceabroad.ui.RegistrationTests@e45f292] output={null}]]]>
              </value>
            </param>
          </params>
          <reporter-output>
          </reporter-output>
        </test-method> <!-- afterActions -->
        <test-method status="PASS" signature="setup(java.lang.String, java.lang.reflect.Method)[pri:0, instance:com.romanceabroad.ui.RegistrationTests@e45f292]" name="setup" is-config="true" duration-ms="9956" started-at="2019-12-13T19:00:22 PST" finished-at="2019-12-13T19:00:32 PST">
          <params>
            <param index="0">
              <value>
                <![CDATA[chrome]]>
              </value>
            </param>
            <param index="1">
              <value>
                <![CDATA[public void com.romanceabroad.ui.RegistrationTests.signInLinkNegativeEmail(java.lang.String,boolean)]]>
              </value>
            </param>
          </params>
          <reporter-output>
          </reporter-output>
        </test-method> <!-- setup -->
        <test-method status="PASS" signature="signInLinkNegativeEmail(java.lang.String, boolean)[pri:0, instance:com.romanceabroad.ui.RegistrationTests@e45f292]" name="signInLinkNegativeEmail" duration-ms="5989" started-at="2019-12-13T19:00:32 PST" data-provider="RegistrationButton3FirstPartEmail" finished-at="2019-12-13T19:00:38 PST">
          <params>
            <param index="0">
              <value>
                <![CDATA[ ]]>
              </value>
            </param>
            <param index="1">
              <value>
                <![CDATA[false]]>
              </value>
            </param>
          </params>
          <reporter-output>
          </reporter-output>
        </test-method> <!-- signInLinkNegativeEmail -->
        <test-method status="PASS" signature="afterActions(org.testng.ITestResult)[pri:0, instance:com.romanceabroad.ui.RegistrationTests@e45f292]" name="afterActions" is-config="true" duration-ms="682" started-at="2019-12-13T19:00:38 PST" finished-at="2019-12-13T19:00:39 PST">
          <params>
            <param index="0">
              <value>
                <![CDATA[[TestResult name=signInLinkNegativeEmail status=SUCCESS method=RegistrationTests.signInLinkNegativeEmail(java.lang.String, boolean)[pri:0, instance:com.romanceabroad.ui.RegistrationTests@e45f292] output={null}]]]>
              </value>
            </param>
          </params>
          <reporter-output>
          </reporter-output>
        </test-method> <!-- afterActions -->
        <test-method status="PASS" signature="setup(java.lang.String, java.lang.reflect.Method)[pri:0, instance:com.romanceabroad.ui.RegistrationTests@e45f292]" name="setup" is-config="true" duration-ms="9533" started-at="2019-12-13T19:00:39 PST" finished-at="2019-12-13T19:00:48 PST">
          <params>
            <param index="0">
              <value>
                <![CDATA[chrome]]>
              </value>
            </param>
            <param index="1">
              <value>
                <![CDATA[public void com.romanceabroad.ui.RegistrationTests.signInLinkNegativePassword(java.lang.String,boolean)]]>
              </value>
            </param>
          </params>
          <reporter-output>
          </reporter-output>
        </test-method> <!-- setup -->
        <test-method status="PASS" signature="signInLinkNegativePassword(java.lang.String, boolean)[pri:0, instance:com.romanceabroad.ui.RegistrationTests@e45f292]" name="signInLinkNegativePassword" duration-ms="6055" started-at="2019-12-13T19:00:48 PST" data-provider="RegistrationButton3FirstPartPassword" finished-at="2019-12-13T19:00:54 PST">
          <params>
            <param index="0">
              <value>
                <![CDATA[ ]]>
              </value>
            </param>
            <param index="1">
              <value>
                <![CDATA[false]]>
              </value>
            </param>
          </params>
          <reporter-output>
          </reporter-output>
        </test-method> <!-- signInLinkNegativePassword -->
        <test-method status="PASS" signature="afterActions(org.testng.ITestResult)[pri:0, instance:com.romanceabroad.ui.RegistrationTests@e45f292]" name="afterActions" is-config="true" duration-ms="656" started-at="2019-12-13T19:00:54 PST" finished-at="2019-12-13T19:00:55 PST">
          <params>
            <param index="0">
              <value>
                <![CDATA[[TestResult name=signInLinkNegativePassword status=SUCCESS method=RegistrationTests.signInLinkNegativePassword(java.lang.String, boolean)[pri:0, instance:com.romanceabroad.ui.RegistrationTests@e45f292] output={null}]]]>
              </value>
            </param>
          </params>
          <reporter-output>
          </reporter-output>
        </test-method> <!-- afterActions -->
        <test-method status="PASS" signature="setup(java.lang.String, java.lang.reflect.Method)[pri:0, instance:com.romanceabroad.ui.RegistrationTests@e45f292]" name="setup" is-config="true" duration-ms="13832" started-at="2019-12-13T19:00:55 PST" finished-at="2019-12-13T19:01:09 PST">
          <params>
            <param index="0">
              <value>
                <![CDATA[chrome]]>
              </value>
            </param>
            <param index="1">
              <value>
                <![CDATA[public void com.romanceabroad.ui.RegistrationTests.signInLinkNegativePassword(java.lang.String,boolean)]]>
              </value>
            </param>
          </params>
          <reporter-output>
          </reporter-output>
        </test-method> <!-- setup -->
        <test-method status="PASS" signature="signInLinkNegativePassword(java.lang.String, boolean)[pri:0, instance:com.romanceabroad.ui.RegistrationTests@e45f292]" name="signInLinkNegativePassword" duration-ms="6191" started-at="2019-12-13T19:01:09 PST" data-provider="RegistrationButton3FirstPartPassword" finished-at="2019-12-13T19:01:15 PST">
          <params>
            <param index="0">
              <value>
                <![CDATA[PaSwO]]>
              </value>
            </param>
            <param index="1">
              <value>
                <![CDATA[false]]>
              </value>
            </param>
          </params>
          <reporter-output>
          </reporter-output>
        </test-method> <!-- signInLinkNegativePassword -->
        <test-method status="PASS" signature="afterActions(org.testng.ITestResult)[pri:0, instance:com.romanceabroad.ui.RegistrationTests@e45f292]" name="afterActions" is-config="true" duration-ms="690" started-at="2019-12-13T19:01:15 PST" finished-at="2019-12-13T19:01:16 PST">
          <params>
            <param index="0">
              <value>
                <![CDATA[[TestResult name=signInLinkNegativePassword status=SUCCESS method=RegistrationTests.signInLinkNegativePassword(java.lang.String, boolean)[pri:0, instance:com.romanceabroad.ui.RegistrationTests@e45f292] output={null}]]]>
              </value>
            </param>
          </params>
          <reporter-output>
          </reporter-output>
        </test-method> <!-- afterActions -->
        <test-method status="PASS" signature="setup(java.lang.String, java.lang.reflect.Method)[pri:0, instance:com.romanceabroad.ui.RegistrationTests@e45f292]" name="setup" is-config="true" duration-ms="10146" started-at="2019-12-13T19:01:16 PST" finished-at="2019-12-13T19:01:26 PST">
          <params>
            <param index="0">
              <value>
                <![CDATA[chrome]]>
              </value>
            </param>
            <param index="1">
              <value>
                <![CDATA[public void com.romanceabroad.ui.RegistrationTests.signInLinkNegativePassword(java.lang.String,boolean)]]>
              </value>
            </param>
          </params>
          <reporter-output>
          </reporter-output>
        </test-method> <!-- setup -->
        <test-method status="PASS" signature="signInLinkNegativePassword(java.lang.String, boolean)[pri:0, instance:com.romanceabroad.ui.RegistrationTests@e45f292]" name="signInLinkNegativePassword" duration-ms="6519" started-at="2019-12-13T19:01:26 PST" data-provider="RegistrationButton3FirstPartPassword" finished-at="2019-12-13T19:01:32 PST">
          <params>
            <param index="0">
              <value>
                <![CDATA[12345]]>
              </value>
            </param>
            <param index="1">
              <value>
                <![CDATA[false]]>
              </value>
            </param>
          </params>
          <reporter-output>
          </reporter-output>
        </test-method> <!-- signInLinkNegativePassword -->
        <test-method status="PASS" signature="afterActions(org.testng.ITestResult)[pri:0, instance:com.romanceabroad.ui.RegistrationTests@e45f292]" name="afterActions" is-config="true" duration-ms="666" started-at="2019-12-13T19:01:32 PST" finished-at="2019-12-13T19:01:33 PST">
          <params>
            <param index="0">
              <value>
                <![CDATA[[TestResult name=signInLinkNegativePassword status=SUCCESS method=RegistrationTests.signInLinkNegativePassword(java.lang.String, boolean)[pri:0, instance:com.romanceabroad.ui.RegistrationTests@e45f292] output={null}]]]>
              </value>
            </param>
          </params>
          <reporter-output>
          </reporter-output>
        </test-method> <!-- afterActions -->
        <test-method status="PASS" signature="setup(java.lang.String, java.lang.reflect.Method)[pri:0, instance:com.romanceabroad.ui.RegistrationTests@e45f292]" name="setup" is-config="true" duration-ms="12264" started-at="2019-12-13T19:01:33 PST" finished-at="2019-12-13T19:01:45 PST">
          <params>
            <param index="0">
              <value>
                <![CDATA[chrome]]>
              </value>
            </param>
            <param index="1">
              <value>
                <![CDATA[public void com.romanceabroad.ui.RegistrationTests.signInLinkNegativePassword(java.lang.String,boolean)]]>
              </value>
            </param>
          </params>
          <reporter-output>
          </reporter-output>
        </test-method> <!-- setup -->
        <test-method status="PASS" signature="signInLinkNegativePassword(java.lang.String, boolean)[pri:0, instance:com.romanceabroad.ui.RegistrationTests@e45f292]" name="signInLinkNegativePassword" duration-ms="6119" started-at="2019-12-13T19:01:45 PST" data-provider="RegistrationButton3FirstPartPassword" finished-at="2019-12-13T19:01:51 PST">
          <params>
            <param index="0">
              <value>
                <![CDATA[@#$%^]]>
              </value>
            </param>
            <param index="1">
              <value>
                <![CDATA[false]]>
              </value>
            </param>
          </params>
          <reporter-output>
          </reporter-output>
        </test-method> <!-- signInLinkNegativePassword -->
        <test-method status="PASS" signature="afterActions(org.testng.ITestResult)[pri:0, instance:com.romanceabroad.ui.RegistrationTests@e45f292]" name="afterActions" is-config="true" duration-ms="664" started-at="2019-12-13T19:01:51 PST" finished-at="2019-12-13T19:01:52 PST">
          <params>
            <param index="0">
              <value>
                <![CDATA[[TestResult name=signInLinkNegativePassword status=SUCCESS method=RegistrationTests.signInLinkNegativePassword(java.lang.String, boolean)[pri:0, instance:com.romanceabroad.ui.RegistrationTests@e45f292] output={null}]]]>
              </value>
            </param>
          </params>
          <reporter-output>
          </reporter-output>
        </test-method> <!-- afterActions -->
        <test-method status="PASS" signature="setup(java.lang.String, java.lang.reflect.Method)[pri:0, instance:com.romanceabroad.ui.RegistrationTests@e45f292]" name="setup" is-config="true" duration-ms="9916" started-at="2019-12-13T19:01:52 PST" finished-at="2019-12-13T19:02:02 PST">
          <params>
            <param index="0">
              <value>
                <![CDATA[chrome]]>
              </value>
            </param>
            <param index="1">
              <value>
                <![CDATA[public void com.romanceabroad.ui.RegistrationTests.signInLinkNegativePassword(java.lang.String,boolean)]]>
              </value>
            </param>
          </params>
          <reporter-output>
          </reporter-output>
        </test-method> <!-- setup -->
        <test-method status="PASS" signature="signInLinkNegativePassword(java.lang.String, boolean)[pri:0, instance:com.romanceabroad.ui.RegistrationTests@e45f292]" name="signInLinkNegativePassword" duration-ms="6370" started-at="2019-12-13T19:02:02 PST" data-provider="RegistrationButton3FirstPartPassword" finished-at="2019-12-13T19:02:08 PST">
          <params>
            <param index="0">
              <value>
                <![CDATA[ 1 2 ]]>
              </value>
            </param>
            <param index="1">
              <value>
                <![CDATA[false]]>
              </value>
            </param>
          </params>
          <reporter-output>
          </reporter-output>
        </test-method> <!-- signInLinkNegativePassword -->
        <test-method status="PASS" signature="afterActions(org.testng.ITestResult)[pri:0, instance:com.romanceabroad.ui.RegistrationTests@e45f292]" name="afterActions" is-config="true" duration-ms="683" started-at="2019-12-13T19:02:08 PST" finished-at="2019-12-13T19:02:09 PST">
          <params>
            <param index="0">
              <value>
                <![CDATA[[TestResult name=signInLinkNegativePassword status=SUCCESS method=RegistrationTests.signInLinkNegativePassword(java.lang.String, boolean)[pri:0, instance:com.romanceabroad.ui.RegistrationTests@e45f292] output={null}]]]>
              </value>
            </param>
          </params>
          <reporter-output>
          </reporter-output>
        </test-method> <!-- afterActions -->
        <test-method status="PASS" signature="setup(java.lang.String, java.lang.reflect.Method)[pri:0, instance:com.romanceabroad.ui.RegistrationTests@e45f292]" name="setup" is-config="true" duration-ms="10355" started-at="2019-12-13T19:02:09 PST" finished-at="2019-12-13T19:02:19 PST">
          <params>
            <param index="0">
              <value>
                <![CDATA[chrome]]>
              </value>
            </param>
            <param index="1">
              <value>
                <![CDATA[public void com.romanceabroad.ui.RegistrationTests.signInLinkNegativePassword(java.lang.String,boolean)]]>
              </value>
            </param>
          </params>
          <reporter-output>
          </reporter-output>
        </test-method> <!-- setup -->
        <test-method status="PASS" signature="signInLinkNegativePassword(java.lang.String, boolean)[pri:0, instance:com.romanceabroad.ui.RegistrationTests@e45f292]" name="signInLinkNegativePassword" duration-ms="6388" started-at="2019-12-13T19:02:19 PST" data-provider="RegistrationButton3FirstPartPassword" finished-at="2019-12-13T19:02:26 PST">
          <params>
            <param index="0">
              <value>
                <![CDATA[pas45]]>
              </value>
            </param>
            <param index="1">
              <value>
                <![CDATA[false]]>
              </value>
            </param>
          </params>
          <reporter-output>
          </reporter-output>
        </test-method> <!-- signInLinkNegativePassword -->
        <test-method status="PASS" signature="afterActions(org.testng.ITestResult)[pri:0, instance:com.romanceabroad.ui.RegistrationTests@e45f292]" name="afterActions" is-config="true" duration-ms="697" started-at="2019-12-13T19:02:26 PST" finished-at="2019-12-13T19:02:26 PST">
          <params>
            <param index="0">
              <value>
                <![CDATA[[TestResult name=signInLinkNegativePassword status=SUCCESS method=RegistrationTests.signInLinkNegativePassword(java.lang.String, boolean)[pri:0, instance:com.romanceabroad.ui.RegistrationTests@e45f292] output={null}]]]>
              </value>
            </param>
          </params>
          <reporter-output>
          </reporter-output>
        </test-method> <!-- afterActions -->
      </class> <!-- com.romanceabroad.ui.RegistrationTests -->
    </test> <!-- ChromeTestCases -->
  </suite> <!-- TestSuite -->
</testng-results>
