<?xml version="1.0" encoding="UTF-8"?>
<!-- Generated by org.testng.reporters.JUnitXMLReporter -->
<testsuite hostname="DESKTOP-1LS4O0S" ignored="0" name="ChromeTestCases" tests="8" failures="0" timestamp="2019-12-15T08:05:08 PST" time="429.561" errors="0">
  <testcase name="backButton" time="13.434" classname="com.romanceabroad.ui.BlogTests"/>
  <testcase name="blogInfoContent" time="184.0" classname="com.romanceabroad.ui.BlogTests"/>
  <testcase name="infoMenu" time="67.724" classname="com.romanceabroad.ui.BlogTests"/>
  <testcase name="contactAdministrator" time="9.721" classname="com.romanceabroad.ui.ContactUsTests"/>
  <testcase name="footerLinks" time="17.666" classname="com.romanceabroad.ui.FooterTests"/>
  <testcase name="gifts" time="4.16" classname="com.romanceabroad.ui.GiftsTests"/>
  <testcase name="topLeftNavigationMenu" time="40.522" classname="com.romanceabroad.ui.HowWeWorkTests"/>
  <testcase name="view" time="3.671" classname="com.romanceabroad.ui.HowWeWorkTests"/>
</testsuite> <!-- ChromeTestCases -->
