<?xml version="1.0" encoding="UTF-8"?>
<testng-results skipped="0" failed="0" ignored="0" total="1" passed="1">
  <reporter-output>
  </reporter-output>
  <suite name="TestSuite" duration-ms="30404" started-at="2019-12-12T19:31:05 PST" finished-at="2019-12-12T19:31:35 PST">
    <groups>
    </groups>
    <test name="FirefoxTestCases" duration-ms="30404" started-at="2019-12-12T19:31:05 PST" finished-at="2019-12-12T19:31:35 PST">
      <class name="com.romanceabroad.ui.TourTests">
        <test-method status="PASS" signature="setup(java.lang.String, java.lang.reflect.Method)[pri:0, instance:com.romanceabroad.ui.TourTests@31ef45e3]" name="setup" is-config="true" duration-ms="24000" started-at="2019-12-12T19:31:05 PST" finished-at="2019-12-12T19:31:29 PST">
          <params>
            <param index="0">
              <value>
                <![CDATA[firefox]]>
              </value>
            </param>
            <param index="1">
              <value>
                <![CDATA[public void com.romanceabroad.ui.TourTests.tourToUkraine()]]>
              </value>
            </param>
          </params>
          <reporter-output>
          </reporter-output>
        </test-method> <!-- setup -->
        <test-method status="PASS" signature="tourToUkraine()[pri:0, instance:com.romanceabroad.ui.TourTests@31ef45e3]" name="tourToUkraine" duration-ms="4765" started-at="2019-12-12T19:31:29 PST" finished-at="2019-12-12T19:31:34 PST">
          <reporter-output>
          </reporter-output>
        </test-method> <!-- tourToUkraine -->
        <test-method status="PASS" signature="afterActions()[pri:0, instance:com.romanceabroad.ui.TourTests@31ef45e3]" name="afterActions" is-config="true" duration-ms="1607" started-at="2019-12-12T19:31:34 PST" finished-at="2019-12-12T19:31:35 PST">
          <reporter-output>
          </reporter-output>
        </test-method> <!-- afterActions -->
      </class> <!-- com.romanceabroad.ui.TourTests -->
    </test> <!-- FirefoxTestCases -->
  </suite> <!-- TestSuite -->
</testng-results>
