<?xml version="1.0" encoding="UTF-8"?>
<testng-results skipped="0" failed="0" ignored="0" total="2" passed="2">
  <reporter-output>
  </reporter-output>
  <suite name="TestSuite" duration-ms="15904" started-at="2019-12-12T18:12:27Z" finished-at="2019-12-12T18:12:43Z">
    <groups>
    </groups>
    <test name="ChromeTestCases" duration-ms="15250" started-at="2019-12-12T18:12:27Z" finished-at="2019-12-12T18:12:42Z">
      <class name="com.romanceabroad.ui.TourTests">
        <test-method status="PASS" signature="setup(java.lang.String, java.lang.reflect.Method)[pri:0, instance:com.romanceabroad.ui.TourTests@61dc03ce]" name="setup" is-config="true" duration-ms="10710" started-at="2019-12-12T18:12:27Z" finished-at="2019-12-12T18:12:38Z">
          <params>
            <param index="0">
              <value>
                <![CDATA[chrome]]>
              </value>
            </param>
            <param index="1">
              <value>
                <![CDATA[public void com.romanceabroad.ui.TourTests.tourToUkraine()]]>
              </value>
            </param>
          </params>
          <reporter-output>
          </reporter-output>
        </test-method> <!-- setup -->
        <test-method status="PASS" signature="tourToUkraine()[pri:0, instance:com.romanceabroad.ui.TourTests@61dc03ce]" name="tourToUkraine" duration-ms="3622" started-at="2019-12-12T18:12:38Z" finished-at="2019-12-12T18:12:42Z">
          <reporter-output>
          </reporter-output>
        </test-method> <!-- tourToUkraine -->
        <test-method status="PASS" signature="afterActions()[pri:0, instance:com.romanceabroad.ui.TourTests@61dc03ce]" name="afterActions" is-config="true" duration-ms="897" started-at="2019-12-12T18:12:42Z" finished-at="2019-12-12T18:12:42Z">
          <reporter-output>
          </reporter-output>
        </test-method> <!-- afterActions -->
      </class> <!-- com.romanceabroad.ui.TourTests -->
    </test> <!-- ChromeTestCases -->
    <test name="FirefoxTestCases" duration-ms="15904" started-at="2019-12-12T18:12:27Z" finished-at="2019-12-12T18:12:43Z">
      <class name="com.romanceabroad.ui.TourTests">
        <test-method status="PASS" signature="setup(java.lang.String, java.lang.reflect.Method)[pri:0, instance:com.romanceabroad.ui.TourTests@77b52d12]" name="setup" is-config="true" duration-ms="10216" started-at="2019-12-12T18:12:27Z" finished-at="2019-12-12T18:12:37Z">
          <params>
            <param index="0">
              <value>
                <![CDATA[firefox]]>
              </value>
            </param>
            <param index="1">
              <value>
                <![CDATA[public void com.romanceabroad.ui.TourTests.tourToUkraine()]]>
              </value>
            </param>
          </params>
          <reporter-output>
          </reporter-output>
        </test-method> <!-- setup -->
        <test-method status="PASS" signature="tourToUkraine()[pri:0, instance:com.romanceabroad.ui.TourTests@77b52d12]" name="tourToUkraine" duration-ms="3986" started-at="2019-12-12T18:12:37Z" finished-at="2019-12-12T18:12:41Z">
          <reporter-output>
          </reporter-output>
        </test-method> <!-- tourToUkraine -->
        <test-method status="PASS" signature="afterActions()[pri:0, instance:com.romanceabroad.ui.TourTests@77b52d12]" name="afterActions" is-config="true" duration-ms="1681" started-at="2019-12-12T18:12:41Z" finished-at="2019-12-12T18:12:43Z">
          <reporter-output>
          </reporter-output>
        </test-method> <!-- afterActions -->
      </class> <!-- com.romanceabroad.ui.TourTests -->
    </test> <!-- FirefoxTestCases -->
  </suite> <!-- TestSuite -->
</testng-results>
